This file contains any messages produced by compilers while
running configure, to aid debugging if configure makes a mistake.

It was created by configure, which was
generated by GNU Autoconf 2.65.  Invocation command line was

  $ ./configure 

## --------- ##
## Platform. ##
## --------- ##

hostname = sjc-vpn4-1179.cisco.com
uname -m = i386
uname -r = 10.4.0
uname -s = Darwin
uname -v = Darwin Kernel Version 10.4.0: Fri Apr 23 18:28:53 PDT 2010; root:xnu-1504.7.4~1/RELEASE_I386

/usr/bin/uname -p = i386
/bin/uname -X     = unknown

/bin/arch              = unknown
/usr/bin/arch -k       = unknown
/usr/convex/getsysinfo = unknown
/usr/bin/hostinfo      = Mach kernel version:
	 Darwin Kernel Version 10.4.0: Fri Apr 23 18:28:53 PDT 2010; root:xnu-1504.7.4~1/RELEASE_I386
Kernel configured for up to 2 processors.
2 processors are physically available.
2 processors are logically available.
Processor type: i486 (Intel 80486)
Processors active: 0 1
Primary memory available: 4.00 gigabytes
Default processor set: 87 tasks, 462 threads, 2 processors
Load average: 0.92, Mach factor: 1.16
/bin/machine           = unknown
/usr/bin/oslevel       = unknown
/bin/universe          = unknown

PATH: /opt/local/bin
PATH: /opt/local/sbin
PATH: /usr/bin
PATH: /bin
PATH: /usr/sbin
PATH: /sbin
PATH: /usr/local/bin
PATH: /usr/X11/bin


## ----------- ##
## Core tests. ##
## ----------- ##

configure:1926: checking for a BSD-compatible install
configure:1994: result: /usr/bin/install -c
configure:2005: checking whether build environment is sane
configure:2055: result: yes
configure:2196: checking for a thread-safe mkdir -p
configure:2235: result: ./install-sh -c -d
configure:2248: checking for gawk
configure:2278: result: no
configure:2248: checking for mawk
configure:2278: result: no
configure:2248: checking for nawk
configure:2278: result: no
configure:2248: checking for awk
configure:2264: found /usr/bin/awk
configure:2275: result: awk
configure:2286: checking whether make sets $(MAKE)
configure:2308: result: yes
configure:2392: checking build system type
configure:2406: result: i686-apple-darwin10.4.0
configure:2426: checking host system type
configure:2439: result: i686-apple-darwin10.4.0
configure:2511: checking for gcc
configure:2527: found /usr/bin/gcc
configure:2538: result: gcc
configure:2767: checking for C compiler version
configure:2776: gcc --version >&5
i686-apple-darwin10-gcc-4.2.1 (GCC) 4.2.1 (Apple Inc. build 5664)
Copyright (C) 2007 Free Software Foundation, Inc.
This is free software; see the source for copying conditions.  There is NO
warranty; not even for MERCHANTABILITY or FITNESS FOR A PARTICULAR PURPOSE.

configure:2787: $? = 0
configure:2776: gcc -v >&5
Using built-in specs.
Target: i686-apple-darwin10
Configured with: /var/tmp/gcc/gcc-5664~105/src/configure --disable-checking --enable-werror --prefix=/usr --mandir=/share/man --enable-languages=c,objc,c++,obj-c++ --program-transform-name=/^[cg][^.-]*$/s/$/-4.2/ --with-slibdir=/usr/lib --build=i686-apple-darwin10 --program-prefix=i686-apple-darwin10- --host=x86_64-apple-darwin10 --target=i686-apple-darwin10 --with-gxx-include-dir=/include/c++/4.2.1
Thread model: posix
gcc version 4.2.1 (Apple Inc. build 5664)
configure:2787: $? = 0
configure:2776: gcc -V >&5
gcc-4.2: argument to `-V' is missing
configure:2787: $? = 1
configure:2776: gcc -qversion >&5
i686-apple-darwin10-gcc-4.2.1: no input files
configure:2787: $? = 1
configure:2807: checking whether the C compiler works
configure:2829: gcc    conftest.c  >&5
configure:2833: $? = 0
configure:2882: result: yes
configure:2885: checking for C compiler default output file name
configure:2887: result: a.out
configure:2893: checking for suffix of executables
configure:2900: gcc -o conftest    conftest.c  >&5
configure:2904: $? = 0
configure:2926: result: 
configure:2948: checking whether we are cross compiling
configure:2956: gcc -o conftest    conftest.c  >&5
configure:2960: $? = 0
configure:2967: ./conftest
configure:2971: $? = 0
configure:2986: result: no
configure:2991: checking for suffix of object files
configure:3013: gcc -c   conftest.c >&5
configure:3017: $? = 0
configure:3038: result: o
configure:3042: checking whether we are using the GNU C compiler
configure:3061: gcc -c   conftest.c >&5
configure:3061: $? = 0
configure:3070: result: yes
configure:3079: checking whether gcc accepts -g
configure:3099: gcc -c -g  conftest.c >&5
configure:3099: $? = 0
configure:3140: result: yes
configure:3157: checking for gcc option to accept ISO C89
configure:3221: gcc  -c -g -O2  conftest.c >&5
configure:3221: $? = 0
configure:3234: result: none needed
configure:3265: checking for style of include used by make
configure:3293: result: GNU
configure:3318: checking dependency style of gcc
configure:3428: result: gcc3
configure:3444: checking whether make sets $(MAKE)
configure:3466: result: yes
configure:3477: checking for library containing cl_init
configure:3508: gcc -o conftest -g -O2   conftest.c  >&5
Undefined symbols:
  "_cl_init", referenced from:
      _main in ccpDI5S7.o
ld: symbol(s) not found
collect2: ld returned 1 exit status
configure:3508: $? = 1
configure: failed program was:
| /* confdefs.h */
| #define PACKAGE_NAME ""
| #define PACKAGE_TARNAME ""
| #define PACKAGE_VERSION ""
| #define PACKAGE_STRING ""
| #define PACKAGE_BUGREPORT ""
| #define PACKAGE_URL ""
| #define PACKAGE "nfex_pp"
| #define VERSION "1.1"
| /* end confdefs.h.  */
| 
| /* Override any GCC internal prototype to avoid an error.
|    Use char because int might match the return type of a GCC
|    builtin and then its argument prototype would still apply.  */
| #ifdef __cplusplus
| extern "C"
| #endif
| char cl_init ();
| int
| main ()
| {
| return cl_init ();
|   ;
|   return 0;
| }
configure:3508: gcc -o conftest -g -O2   conftest.c -lclamav   >&5
configure:3508: $? = 0
configure:3525: result: -lclamav
configure:3539: checking how to run the C preprocessor
configure:3570: gcc -E  conftest.c
configure:3570: $? = 0
configure:3584: gcc -E  conftest.c
conftest.c:11:28: error: ac_nonexistent.h: No such file or directory
configure:3584: $? = 1
configure: failed program was:
| /* confdefs.h */
| #define PACKAGE_NAME ""
| #define PACKAGE_TARNAME ""
| #define PACKAGE_VERSION ""
| #define PACKAGE_STRING ""
| #define PACKAGE_BUGREPORT ""
| #define PACKAGE_URL ""
| #define PACKAGE "nfex_pp"
| #define VERSION "1.1"
| /* end confdefs.h.  */
| #include <ac_nonexistent.h>
configure:3609: result: gcc -E
configure:3629: gcc -E  conftest.c
configure:3629: $? = 0
configure:3643: gcc -E  conftest.c
conftest.c:11:28: error: ac_nonexistent.h: No such file or directory
configure:3643: $? = 1
configure: failed program was:
| /* confdefs.h */
| #define PACKAGE_NAME ""
| #define PACKAGE_TARNAME ""
| #define PACKAGE_VERSION ""
| #define PACKAGE_STRING ""
| #define PACKAGE_BUGREPORT ""
| #define PACKAGE_URL ""
| #define PACKAGE "nfex_pp"
| #define VERSION "1.1"
| /* end confdefs.h.  */
| #include <ac_nonexistent.h>
configure:3672: checking for grep that handles long lines and -e
configure:3730: result: /usr/bin/grep
configure:3735: checking for egrep
configure:3797: result: /usr/bin/grep -E
configure:3802: checking for ANSI C header files
configure:3822: gcc -c -g -O2  conftest.c >&5
configure:3822: $? = 0
configure:3895: gcc -o conftest -g -O2   conftest.c -lclamav  >&5
configure:3895: $? = 0
configure:3895: ./conftest
configure:3895: $? = 0
configure:3906: result: yes
configure:4035: creating ./config.status

## ---------------------- ##
## Running config.status. ##
## ---------------------- ##

This file was extended by config.status, which was
generated by GNU Autoconf 2.65.  Invocation command line was

  CONFIG_FILES    = 
  CONFIG_HEADERS  = 
  CONFIG_LINKS    = 
  CONFIG_COMMANDS = 
  $ ./config.status 

on sjc-vpn4-1179.cisco.com

config.status:850: creating Makefile
config.status:850: creating src/Makefile
config.status:850: creating include/config.h
config.status:1070: executing depfiles commands

## ---------------- ##
## Cache variables. ##
## ---------------- ##

ac_cv_build=i686-apple-darwin10.4.0
ac_cv_c_compiler_gnu=yes
ac_cv_env_CC_set=
ac_cv_env_CC_value=
ac_cv_env_CFLAGS_set=
ac_cv_env_CFLAGS_value=
ac_cv_env_CPPFLAGS_set=
ac_cv_env_CPPFLAGS_value=
ac_cv_env_CPP_set=
ac_cv_env_CPP_value=
ac_cv_env_LDFLAGS_set=
ac_cv_env_LDFLAGS_value=
ac_cv_env_LIBS_set=
ac_cv_env_LIBS_value=
ac_cv_env_build_alias_set=
ac_cv_env_build_alias_value=
ac_cv_env_host_alias_set=
ac_cv_env_host_alias_value=
ac_cv_env_target_alias_set=
ac_cv_env_target_alias_value=
ac_cv_header_stdc=yes
ac_cv_host=i686-apple-darwin10.4.0
ac_cv_objext=o
ac_cv_path_EGREP='/usr/bin/grep -E'
ac_cv_path_GREP=/usr/bin/grep
ac_cv_path_install='/usr/bin/install -c'
ac_cv_prog_AWK=awk
ac_cv_prog_CPP='gcc -E'
ac_cv_prog_ac_ct_CC=gcc
ac_cv_prog_cc_c89=
ac_cv_prog_cc_g=yes
ac_cv_prog_make_make_set=yes
ac_cv_search_cl_init=-lclamav
am_cv_CC_dependencies_compiler_type=gcc3

## ----------------- ##
## Output variables. ##
## ----------------- ##

ACLOCAL='${SHELL} /Users/mike/Projects/nfex-current/nfex_exe_pp/missing --run aclocal-1.11'
AMDEPBACKSLASH='\'
AMDEP_FALSE='#'
AMDEP_TRUE=''
AMTAR='${SHELL} /Users/mike/Projects/nfex-current/nfex_exe_pp/missing --run tar'
AUTOCONF='${SHELL} /Users/mike/Projects/nfex-current/nfex_exe_pp/missing --run autoconf'
AUTOHEADER='${SHELL} /Users/mike/Projects/nfex-current/nfex_exe_pp/missing --run autoheader'
AUTOMAKE='${SHELL} /Users/mike/Projects/nfex-current/nfex_exe_pp/missing --run automake-1.11'
AWK='awk'
CC='gcc'
CCDEPMODE='depmode=gcc3'
CFLAGS='-g -O2'
CPP='gcc -E'
CPPFLAGS=''
CYGPATH_W='echo'
DEFS='-DHAVE_CONFIG_H'
DEPDIR='.deps'
ECHO_C='\c'
ECHO_N=''
ECHO_T=''
EGREP='/usr/bin/grep -E'
EXEEXT=''
GREP='/usr/bin/grep'
INSTALL_DATA='${INSTALL} -m 644'
INSTALL_PROGRAM='${INSTALL}'
INSTALL_SCRIPT='${INSTALL}'
INSTALL_STRIP_PROGRAM='$(install_sh) -c -s'
LDFLAGS=''
LIBOBJS=''
LIBS='-lclamav '
LTLIBOBJS=''
MAKEINFO='${SHELL} /Users/mike/Projects/nfex-current/nfex_exe_pp/missing --run makeinfo'
MKDIR_P='./install-sh -c -d'
OBJEXT='o'
PACKAGE='nfex_pp'
PACKAGE_BUGREPORT=''
PACKAGE_NAME=''
PACKAGE_STRING=''
PACKAGE_TARNAME=''
PACKAGE_URL=''
PACKAGE_VERSION=''
PATH_SEPARATOR=':'
SET_MAKE=''
SHELL='/bin/sh'
STRIP=''
VERSION='1.1'
ac_ct_CC='gcc'
am__EXEEXT_FALSE=''
am__EXEEXT_TRUE='#'
am__fastdepCC_FALSE='#'
am__fastdepCC_TRUE=''
am__include='include'
am__isrc=''
am__leading_dot='.'
am__quote=''
am__tar='${AMTAR} chof - "$$tardir"'
am__untar='${AMTAR} xf -'
bindir='${exec_prefix}/bin'
build='i686-apple-darwin10.4.0'
build_alias=''
build_cpu='i686'
build_os='darwin10.4.0'
build_vendor='apple'
datadir='${datarootdir}'
datarootdir='${prefix}/share'
docdir='${datarootdir}/doc/${PACKAGE}'
dvidir='${docdir}'
exec_prefix='${prefix}'
host='i686-apple-darwin10.4.0'
host_alias=''
host_cpu='i686'
host_os='darwin10.4.0'
host_vendor='apple'
htmldir='${docdir}'
includedir='${prefix}/include'
infodir='${datarootdir}/info'
install_sh='${SHELL} /Users/mike/Projects/nfex-current/nfex_exe_pp/install-sh'
libdir='${exec_prefix}/lib'
libexecdir='${exec_prefix}/libexec'
localedir='${datarootdir}/locale'
localstatedir='${prefix}/var'
mandir='${datarootdir}/man'
mkdir_p='$(top_builddir)/./install-sh -c -d'
oldincludedir='/usr/include'
pdfdir='${docdir}'
prefix='/usr/local'
program_transform_name='s,x,x,'
psdir='${docdir}'
sbindir='${exec_prefix}/sbin'
sharedstatedir='${prefix}/com'
sysconfdir='${prefix}/etc'
target_alias=''

## ----------- ##
## confdefs.h. ##
## ----------- ##

/* confdefs.h */
#define PACKAGE_NAME ""
#define PACKAGE_TARNAME ""
#define PACKAGE_VERSION ""
#define PACKAGE_STRING ""
#define PACKAGE_BUGREPORT ""
#define PACKAGE_URL ""
#define PACKAGE "nfex_pp"
#define VERSION "1.1"
#define STDC_HEADERS 1

configure: exit 0
